<?xml version="1.0" encoding="UTF-8"?>
<testng-results skipped="0" failed="0" ignored="0" total="1" passed="1">
  <reporter-output>
  </reporter-output>
  <suite name="Default suite" duration-ms="27285" started-at="2020-03-28T13:26:17Z" finished-at="2020-03-28T13:26:44Z">
    <groups>
    </groups>
    <test name="Default test" duration-ms="27285" started-at="2020-03-28T13:26:17Z" finished-at="2020-03-28T13:26:44Z">
      <class name="srt.javaproj.testCases.TC_Logintest_01">
        <test-method status="PASS" signature="launchBrowser()[pri:0, instance:srt.javaproj.testCases.TC_Logintest_01@3ffc5af1]" name="launchBrowser" is-config="true" duration-ms="7196" started-at="2020-03-28T13:26:17Z" finished-at="2020-03-28T13:26:24Z">
          <reporter-output>
          </reporter-output>
        </test-method> <!-- launchBrowser -->
        <test-method status="PASS" signature="loginTest()[pri:0, instance:srt.javaproj.testCases.TC_Logintest_01@3ffc5af1]" name="loginTest" duration-ms="19199" started-at="2020-03-28T13:26:24Z" finished-at="2020-03-28T13:26:43Z">
          <reporter-output>
          </reporter-output>
        </test-method> <!-- loginTest -->
        <test-method status="PASS" signature="teardown()[pri:0, instance:srt.javaproj.testCases.TC_Logintest_01@3ffc5af1]" name="teardown" is-config="true" duration-ms="853" started-at="2020-03-28T13:26:43Z" finished-at="2020-03-28T13:26:44Z">
          <reporter-output>
          </reporter-output>
        </test-method> <!-- teardown -->
      </class> <!-- srt.javaproj.testCases.TC_Logintest_01 -->
    </test> <!-- Default test -->
  </suite> <!-- Default suite -->
</testng-results>
